Starting training!
/home/a/anselm/almost-anselm/venv/lib/python3.12/site-packages/transformers/utils/hub.py:111: FutureWarning: Using `TRANSFORMERS_CACHE` is deprecated and will be removed in v5 of Transformers. Use `HF_HOME` instead.
  warnings.warn(

     #@@ #@@      @@# @@#
    @@  @@          @@  @@           =@@#                               @@                 #@    =@@#.
    @@    #@@@@@@@@@    @@           #@#@=                              @@                 #@     .=@@
      #@@@@@@@@@@@@@@@@@            =@# @#     ##=     ##    =####=+    @@      =#####+  =#@@###.   @@
    @@@@@@@@@@/  +@@/  +@@          #@  =@=     #@=   @@   =@#+  +#@#   @@    =@#+  +#@#   #@.      @@
    @@@@@@@@@@  ##@@  ##@@         =@#   @#      =@# @#    @@      @@   @@    @@      #@   #@       @@
     @@@@@@@@@@@@@@@@@@@@          #@=+++#@=      =@@#     @@      @@   @@    @@      #@   #@       @@
                                  =@#=====@@     =@# @#    @@      @@   @@    @@      #@   #@       @@
    @@@@@@@@@@@@@@@@  @@@@        #@      #@=   #@=  +@@   #@#    =@#   @@.   =@#    =@#   #@.      @@
                                 =@#       @#  #@=     #@   =#@@@@#=    +#@@=  +#@@@@#=    .##@@+   @@
    @@@@  @@@@@@@@@@@@@@@@

/home/a/anselm/almost-anselm/venv/lib/python3.12/site-packages/transformers/utils/hub.py:111: FutureWarning: Using `TRANSFORMERS_CACHE` is deprecated and will be removed in v5 of Transformers. Use `HF_HOME` instead.
  warnings.warn(
The following values were not passed to `accelerate launch` and had defaults used instead:
	`--num_processes` was set to a value of `1`
	`--num_machines` was set to a value of `1`
	`--mixed_precision` was set to a value of `'no'`
	`--dynamo_backend` was set to a value of `'no'`
To avoid this warning pass in values for each of the problematic parameters or run `accelerate config`.
/home/a/anselm/almost-anselm/venv/lib/python3.12/site-packages/transformers/utils/hub.py:111: FutureWarning: Using `TRANSFORMERS_CACHE` is deprecated and will be removed in v5 of Transformers. Use `HF_HOME` instead.
  warnings.warn(
[2025-11-04 04:35:13,548] [INFO] [axolotl.utils.schemas.validation.check_eval_packing:119] [PID:37713] [RANK:0] explicitly setting `eval_sample_packing` to match `sample_packing`[39m
[33m[2025-11-04 04:35:13,549] [WARNING] [axolotl.utils.schemas.validation.check_sample_packing_without_attention:179] [PID:37713] [RANK:0] sample_packing without flash, sdp, xformers or flex attention does not handle cross sample decontamination.[39m
[2025-11-04 04:35:13,549] [INFO] [axolotl.utils.schemas.validation.hint_sample_packing_padding:218] [PID:37713] [RANK:0] Setting `pad_to_sequence_len: true` to prevent memory leaks when sample_packing[39m
Traceback (most recent call last):
  File "<frozen runpy>", line 198, in _run_module_as_main
  File "<frozen runpy>", line 88, in _run_code
  File "/home/a/anselm/almost-anselm/venv/lib/python3.12/site-packages/axolotl/cli/train.py", line 120, in <module>
    fire.Fire(do_cli)
  File "/home/a/anselm/almost-anselm/venv/lib/python3.12/site-packages/fire/core.py", line 135, in Fire
    component_trace = _Fire(component, args, parsed_flag_args, context, name)
                      ^^^^^^^^^^^^^^^^^^^^^^^^^^^^^^^^^^^^^^^^^^^^^^^^^^^^^^^
  File "/home/a/anselm/almost-anselm/venv/lib/python3.12/site-packages/fire/core.py", line 468, in _Fire
    component, remaining_args = _CallAndUpdateTrace(
                                ^^^^^^^^^^^^^^^^^^^^
  File "/home/a/anselm/almost-anselm/venv/lib/python3.12/site-packages/fire/core.py", line 684, in _CallAndUpdateTrace
    component = fn(*varargs, **kwargs)
                ^^^^^^^^^^^^^^^^^^^^^^
  File "/home/a/anselm/almost-anselm/venv/lib/python3.12/site-packages/axolotl/cli/train.py", line 63, in do_cli
    parsed_cfg = load_cfg(config, **kwargs)
                 ^^^^^^^^^^^^^^^^^^^^^^^^^^
  File "/home/a/anselm/almost-anselm/venv/lib/python3.12/site-packages/axolotl/cli/config.py", line 218, in load_cfg
    cfg = validate_config(
          ^^^^^^^^^^^^^^^^
  File "/home/a/anselm/almost-anselm/venv/lib/python3.12/site-packages/axolotl/utils/config/__init__.py", line 293, in validate_config
    AxolotlConfigWCapabilities(
  File "/home/a/anselm/almost-anselm/venv/lib/python3.12/site-packages/pydantic/main.py", line 214, in __init__
    validated_self = self.__pydantic_validator__.validate_python(data, self_instance=self)
                     ^^^^^^^^^^^^^^^^^^^^^^^^^^^^^^^^^^^^^^^^^^^^^^^^^^^^^^^^^^^^^^^^^^^^^
pydantic_core._pydantic_core.ValidationError: 1 validation error for AxolotlConfigWCapabilities
  Value error, At least two of micro_batch_size, gradient_accumulation_steps, batch_size must be set [type=value_error, input_value={'base_model': 'mistralai..._to_sequence_len': True}, input_type=dict]
    For further information visit https://errors.pydantic.dev/2.10/v/value_error
Traceback (most recent call last):
  File "/home/a/anselm/almost-anselm/venv/bin/accelerate", line 7, in <module>
    sys.exit(main())
             ^^^^^^
  File "/home/a/anselm/almost-anselm/venv/lib/python3.12/site-packages/accelerate/commands/accelerate_cli.py", line 50, in main
    args.func(args)
  File "/home/a/anselm/almost-anselm/venv/lib/python3.12/site-packages/accelerate/commands/launch.py", line 1235, in launch_command
    simple_launcher(args)
  File "/home/a/anselm/almost-anselm/venv/lib/python3.12/site-packages/accelerate/commands/launch.py", line 823, in simple_launcher
    raise subprocess.CalledProcessError(returncode=process.returncode, cmd=cmd)
subprocess.CalledProcessError: Command '['/home/a/anselm/almost-anselm/venv/bin/python3', '-m', 'axolotl.cli.train', 'src/train/axolotl_config.yaml', '--debug=False', '--debug-text-only=False', '--debug-num-examples=0', '--shard=False']' returned non-zero exit status 1.
